<?xml version="1.0" encoding="UTF-8"?>
<testng-results ignored="0" total="6" passed="6" failed="0" skipped="0">
  <reporter-output>
  </reporter-output>
  <suite started-at="2020-12-12T22:33:45 IST" name="Suite" finished-at="2020-12-12T22:34:51 IST" duration-ms="66270">
    <groups>
    </groups>
    <test started-at="2020-12-12T22:33:45 IST" name="Test" finished-at="2020-12-12T22:34:51 IST" duration-ms="66270">
      <class name="testcases.Airbnbtestcases">
        <test-method is-config="true" signature="setup()[pri:0, instance:testcases.Airbnbtestcases@51dcb805]" started-at="2020-12-12T22:33:45 IST" name="setup" finished-at="2020-12-12T22:33:51 IST" duration-ms="6274" status="PASS">
          <reporter-output>
          </reporter-output>
        </test-method> <!-- setup -->
        <test-method signature="testcase1()[pri:1, instance:testcases.Airbnbtestcases@51dcb805]" started-at="2020-12-12T22:33:51 IST" name="testcase1" finished-at="2020-12-12T22:34:00 IST" duration-ms="8704" status="PASS">
          <reporter-output>
          </reporter-output>
        </test-method> <!-- testcase1 -->
        <test-method signature="testcase2()[pri:2, instance:testcases.Airbnbtestcases@51dcb805]" started-at="2020-12-12T22:34:00 IST" name="testcase2" finished-at="2020-12-12T22:34:04 IST" duration-ms="3964" status="PASS">
          <reporter-output>
          </reporter-output>
        </test-method> <!-- testcase2 -->
        <test-method signature="testcase3()[pri:3, instance:testcases.Airbnbtestcases@51dcb805]" started-at="2020-12-12T22:34:04 IST" name="testcase3" finished-at="2020-12-12T22:34:08 IST" duration-ms="4034" status="PASS">
          <reporter-output>
          </reporter-output>
        </test-method> <!-- testcase3 -->
        <test-method signature="testcase4()[pri:4, instance:testcases.Airbnbtestcases@51dcb805]" started-at="2020-12-12T22:34:08 IST" name="testcase4" finished-at="2020-12-12T22:34:26 IST" duration-ms="18211" status="PASS">
          <reporter-output>
          </reporter-output>
        </test-method> <!-- testcase4 -->
        <test-method signature="testcase5()[pri:5, instance:testcases.Airbnbtestcases@51dcb805]" started-at="2020-12-12T22:34:26 IST" name="testcase5" finished-at="2020-12-12T22:34:41 IST" duration-ms="15225" status="PASS">
          <reporter-output>
          </reporter-output>
        </test-method> <!-- testcase5 -->
        <test-method signature="testcase6()[pri:6, instance:testcases.Airbnbtestcases@51dcb805]" started-at="2020-12-12T22:34:41 IST" name="testcase6" finished-at="2020-12-12T22:34:50 IST" duration-ms="9004" status="PASS">
          <reporter-output>
          </reporter-output>
        </test-method> <!-- testcase6 -->
        <test-method is-config="true" signature="teardown()[pri:0, instance:testcases.Airbnbtestcases@51dcb805]" started-at="2020-12-12T22:34:50 IST" name="teardown" finished-at="2020-12-12T22:34:51 IST" duration-ms="794" status="PASS">
          <reporter-output>
          </reporter-output>
        </test-method> <!-- teardown -->
      </class> <!-- testcases.Airbnbtestcases -->
    </test> <!-- Test -->
  </suite> <!-- Suite -->
</testng-results>
